Symbol range map extraction starting
Processing 64 files
startProcessing "mod\exbombs\block\BlockChunkEraserExplosive.java" md5: 819e065e549039b9a9a9c0a47d6f8614
endProcessing "mod\exbombs\block\BlockChunkEraserExplosive.java"

startProcessing "mod\exbombs\block\BlockCore.java" md5: f8e39dfbbb6452a385caff2477563678
endProcessing "mod\exbombs\block\BlockCore.java"

startProcessing "mod\exbombs\block\BlockFuse.java" md5: d75a17b752854ed243394d728778a0ce
endProcessing "mod\exbombs\block\BlockFuse.java"

startProcessing "mod\exbombs\block\BlockNuclearExplosive.java" md5: 9c6e95a356af94239e808e88f556004c
endProcessing "mod\exbombs\block\BlockNuclearExplosive.java"

startProcessing "mod\exbombs\block\BlockTunnelExplosive.java" md5: 6eab70201d39f92c0a65752180430e6a
endProcessing "mod\exbombs\block\BlockTunnelExplosive.java"

startProcessing "mod\exbombs\client\ClientProxy.java" md5: 746e7c79b1110812c0d488d195ce1c0c
endProcessing "mod\exbombs\client\ClientProxy.java"

startProcessing "mod\exbombs\config\BlockAndMetadata.java" md5: 8179db1e88954eba73bf62f353c7e1aa
endProcessing "mod\exbombs\config\BlockAndMetadata.java"

startProcessing "mod\exbombs\config\ConfigProperty.java" md5: 92f452066ac109bad4255124e526845c
endProcessing "mod\exbombs\config\ConfigProperty.java"

startProcessing "mod\exbombs\config\ConfigValue.java" md5: 28a94363ba9591c9f72228010da3685e
endProcessing "mod\exbombs\config\ConfigValue.java"

startProcessing "mod\exbombs\config\ModConfig.java" md5: f091735717c9773330ff4d4c80ffe1c5
endProcessing "mod\exbombs\config\ModConfig.java"

startProcessing "mod\exbombs\config\SavedConfig.java" md5: 1cb0cb254fcd0033f9c627480dadd596
endProcessing "mod\exbombs\config\SavedConfig.java"

startProcessing "mod\exbombs\core\CommonProxy.java" md5: 95e58c07765371aaa093433526cb7fed
endProcessing "mod\exbombs\core\CommonProxy.java"

startProcessing "mod\exbombs\core\CreativeTabExBombs.java" md5: 18b62eacf34e6b10ca18377350264e73
endProcessing "mod\exbombs\core\CreativeTabExBombs.java"

startProcessing "mod\exbombs\core\ICableBlock.java" md5: 76d47c21dce6ef48197eb2fd6b2b7dc7
endProcessing "mod\exbombs\core\ICableBlock.java"

startProcessing "mod\exbombs\core\ModCommon.java" md5: b8101ff3f13f45d0e4561e3b5f555ee8
endProcessing "mod\exbombs\core\ModCommon.java"

startProcessing "mod\exbombs\core\Mod_ExBombs.java" md5: 90a80fc074ba4845fa132b386347e1ca
endProcessing "mod\exbombs\core\Mod_ExBombs.java"

startProcessing "mod\exbombs\entity\EntityBomb.java" md5: 83d4d5b577e9ee628e4871e442d70aa6
endProcessing "mod\exbombs\entity\EntityBomb.java"

startProcessing "mod\exbombs\entity\EntityChunkEraserPrimed.java" md5: bc5db2d4d3838d9c93e0f7d5f91a4c85
endProcessing "mod\exbombs\entity\EntityChunkEraserPrimed.java"

startProcessing "mod\exbombs\entity\EntityCore.java" md5: 323dfbd1ab5ff4078961d2bf1d6c441a
endProcessing "mod\exbombs\entity\EntityCore.java"

startProcessing "mod\exbombs\entity\EntityExBombsSmokeFX.java" md5: 294ecdc13044f68dbf7985b02cd14148
endProcessing "mod\exbombs\entity\EntityExBombsSmokeFX.java"

startProcessing "mod\exbombs\entity\EntityMissile.java" md5: bd58a5c30a7bb7e831940a71c8c882b0
endProcessing "mod\exbombs\entity\EntityMissile.java"

startProcessing "mod\exbombs\entity\EntityNuclearExplosivePrimed.java" md5: 835e9e1a0ec9abe74d4483ad2eaee85a
endProcessing "mod\exbombs\entity\EntityNuclearExplosivePrimed.java"

startProcessing "mod\exbombs\entity\EntityPaintBomb.java" md5: 7fb3a01e84101c79df38939860f5fb77
endProcessing "mod\exbombs\entity\EntityPaintBomb.java"

startProcessing "mod\exbombs\entity\EntityTunnelExplosivePrimed.java" md5: 662d3365853dbea0413f59340cf79890
endProcessing "mod\exbombs\entity\EntityTunnelExplosivePrimed.java"

startProcessing "mod\exbombs\event\ModEventHandler.java" md5: b4af4a43f9f169796b3d530b07c83dc6
endProcessing "mod\exbombs\event\ModEventHandler.java"

startProcessing "mod\exbombs\gui\GuiBlockRadar.java" md5: c852fc815a47d9af6621f3081c5cc889
endProcessing "mod\exbombs\gui\GuiBlockRadar.java"

startProcessing "mod\exbombs\gui\GuiMissile.java" md5: 0daf84a458d5d058f99e8b4d542f4603
endProcessing "mod\exbombs\gui\GuiMissile.java"

startProcessing "mod\exbombs\gui\GuiSpawnRadar.java" md5: d0b83fa0ae4f33c55a76949e88a0eaa7
endProcessing "mod\exbombs\gui\GuiSpawnRadar.java"

startProcessing "mod\exbombs\helper\ExBombsGuiHelper.java" md5: e3fe1544a6a8195e892cc23fdb9e0b01
endProcessing "mod\exbombs\helper\ExBombsGuiHelper.java"

startProcessing "mod\exbombs\helper\ExBombsMinecraftHelper.java" md5: ed84fe8ec56c43d3cb75e848e0847aec
endProcessing "mod\exbombs\helper\ExBombsMinecraftHelper.java"

startProcessing "mod\exbombs\item\ItemBlockRadar.java" md5: f8e75a1fb566ac67efd8c7db23d9e845
endProcessing "mod\exbombs\item\ItemBlockRadar.java"

startProcessing "mod\exbombs\item\ItemBomb.java" md5: c56d7c65c168ab67a59837b4ad7fca36
endProcessing "mod\exbombs\item\ItemBomb.java"

startProcessing "mod\exbombs\item\ItemCore.java" md5: 732f11949c757a74a148832e16851831
endProcessing "mod\exbombs\item\ItemCore.java"

startProcessing "mod\exbombs\item\ItemDefuser.java" md5: 87addf882020283f094157952265f514
endProcessing "mod\exbombs\item\ItemDefuser.java"

startProcessing "mod\exbombs\item\ItemMissile.java" md5: 63c8af5be0de1729178e51045efe6d28
endProcessing "mod\exbombs\item\ItemMissile.java"

startProcessing "mod\exbombs\item\ItemMolotovCoctail.java" md5: 4536db910faa07cb6cceff2ec80795ec
endProcessing "mod\exbombs\item\ItemMolotovCoctail.java"

startProcessing "mod\exbombs\item\ItemRocketFuel.java" md5: 8e5ce9c82a0581fb115248df9735602c
endProcessing "mod\exbombs\item\ItemRocketFuel.java"

startProcessing "mod\exbombs\item\ItemSpawnerRadar.java" md5: 8f3e4c5e6bba3ac0fc4c1554732da762
endProcessing "mod\exbombs\item\ItemSpawnerRadar.java"

startProcessing "mod\exbombs\item\ItemUranium.java" md5: f7e3f3c4cd1cc6d312da6cd598721543
endProcessing "mod\exbombs\item\ItemUranium.java"

startProcessing "mod\exbombs\model\ModelCube.java" md5: 468a9c43dbe2ea4f53265ebdef9dfc5c
endProcessing "mod\exbombs\model\ModelCube.java"

startProcessing "mod\exbombs\model\ModelMissile.java" md5: 13e063b77168f1deda74a12a7d620bc0
endProcessing "mod\exbombs\model\ModelMissile.java"

startProcessing "mod\exbombs\network\MessageBlockRadarUpdate.java" md5: 4fee6994868d2f0b2f50c478ae234216
endProcessing "mod\exbombs\network\MessageBlockRadarUpdate.java"

startProcessing "mod\exbombs\network\MessageFuseSetBurn.java" md5: 4386de05d332f04191ee28f8dd7b9960
endProcessing "mod\exbombs\network\MessageFuseSetBurn.java"

startProcessing "mod\exbombs\network\MessageMissileLaunchClient.java" md5: 079e32c85bf8a0cb0b51ee9b1b5787ba
endProcessing "mod\exbombs\network\MessageMissileLaunchClient.java"

startProcessing "mod\exbombs\network\MessageMissileLaunchServer.java" md5: b299d0efe78d2b0ad95c6e9a8da8c1bb
endProcessing "mod\exbombs\network\MessageMissileLaunchServer.java"

startProcessing "mod\exbombs\network\MessageRadarUpdate.java" md5: b1edd81c0ccd3293389c7ac7887a2aa1
endProcessing "mod\exbombs\network\MessageRadarUpdate.java"

startProcessing "mod\exbombs\network\MessageShowGui.java" md5: c3bd25c8519b343fe891bcef72b3cd2b
endProcessing "mod\exbombs\network\MessageShowGui.java"

startProcessing "mod\exbombs\render\BlockRendererDispatcherExBoms.java" md5: c29f63db711ec3fea23b85f7a60b3eb2
endProcessing "mod\exbombs\render\BlockRendererDispatcherExBoms.java"

startProcessing "mod\exbombs\render\RenderBomb.java" md5: a7ed4d9bae58554ebf338d2e2488869e
endProcessing "mod\exbombs\render\RenderBomb.java"

startProcessing "mod\exbombs\render\RenderChunkEraserEsplosivePrived.java" md5: 651a58a169d404845da3b4a9a5db2214
endProcessing "mod\exbombs\render\RenderChunkEraserEsplosivePrived.java"

startProcessing "mod\exbombs\render\RenderMissile.java" md5: e8ffb3fec1c78edfaf58bfa15beb7d9a
endProcessing "mod\exbombs\render\RenderMissile.java"

startProcessing "mod\exbombs\render\RenderNuclearExplosivePrimed.java" md5: e5634e01d414fb7673ccbfa105723dd3
endProcessing "mod\exbombs\render\RenderNuclearExplosivePrimed.java"

startProcessing "mod\exbombs\render\RenderTunnelExplosivePrimed.java" md5: 2105ee8585c8fddf25ba1e3a0ea6de2b
endProcessing "mod\exbombs\render\RenderTunnelExplosivePrimed.java"

startProcessing "mod\exbombs\sounds\ModSoundManager.java" md5: edfbe3d09470a477203223dc9dec36a8
endProcessing "mod\exbombs\sounds\ModSoundManager.java"

startProcessing "mod\exbombs\tileentity\TileEntityFuse.java" md5: 5c6ca41854aee99becdc935c93244a33
endProcessing "mod\exbombs\tileentity\TileEntityFuse.java"

startProcessing "mod\exbombs\tileentity\render\TileEntityFuseRender.java" md5: 44fada7a99b6a9cf451e76fb802f0ee4
endProcessing "mod\exbombs\tileentity\render\TileEntityFuseRender.java"

startProcessing "mod\exbombs\util\BlockRadarData.java" md5: fd96772bbf8291d4a553fdc3b351dedb
endProcessing "mod\exbombs\util\BlockRadarData.java"

startProcessing "mod\exbombs\util\MoreExplosiveEraseExplosion.java" md5: 6b9c54f01588bbc02c58b1e7faa36de3
endProcessing "mod\exbombs\util\MoreExplosiveEraseExplosion.java"

startProcessing "mod\exbombs\util\MoreExplosivesBetterExplosion.java" md5: 682e267b963307f65acfff527b138bba
endProcessing "mod\exbombs\util\MoreExplosivesBetterExplosion.java"

startProcessing "mod\exbombs\util\MoreExplosivesFuse.java" md5: c74d7f21be3f544aee258220d22f7f68
endProcessing "mod\exbombs\util\MoreExplosivesFuse.java"

startProcessing "mod\exbombs\util\MoreExplosivesSuperExplosion.java" md5: 5491dd8877d9c1ae4ef128ffdeae2fb3
endProcessing "mod\exbombs\util\MoreExplosivesSuperExplosion.java"

startProcessing "mod\exbombs\util\MoreExplosivesTunnelExplosion.java" md5: a0b714d2f1c826f5bbc97536dddaea48
endProcessing "mod\exbombs\util\MoreExplosivesTunnelExplosion.java"

startProcessing "mod\exbombs\util\SpawnerRadarData.java" md5: 9d5db1f905dfd9b4211154024b942638
endProcessing "mod\exbombs\util\SpawnerRadarData.java"

startProcessing "mod\exbombs\util\UtilExproder.java" md5: b4aa163ecce41f1537436232d3fdd977
endProcessing "mod\exbombs\util\UtilExproder.java"

